<?xml version="1.0" encoding="UTF-8"?>
<!-- Generated by org.testng.reporters.JUnitReportReporter -->
<testsuite hostname="DESKTOP-47QJ5KT" failures="0" tests="4" name="com.epam.ta.test.TestCreationAndReceiptMessage" time="255.832" errors="0" timestamp="2022-11-21T09:02:11 UZT" skipped="0">
  <testcase classname="com.epam.ta.test.TestCreationAndReceiptMessage" name="isEmailArrived" time="54.078"/>
  <system-out/>
  <testcase classname="com.epam.ta.test.TestCreationAndReceiptMessage" name="isSenderAddressCorrect" time="53.169"/>
  <system-out/>
  <testcase classname="com.epam.ta.test.TestCreationAndReceiptMessage" name="emailIsSent" time="81.132"/>
  <system-out/>
  <testcase classname="com.epam.ta.test.TestCreationAndReceiptMessage" name="isTextMessageCorrect" time="67.453"/>
  <system-out/>
</testsuite> <!-- com.epam.ta.test.TestCreationAndReceiptMessage -->
